<html>
<head>
<title>TestNG:  P1 test</title>
<link href="../testng.css" rel="stylesheet" type="text/css" />
<link href="../my-testng.css" rel="stylesheet" type="text/css" />

<style type="text/css">
.log { display: none;} 
.stack-trace { display: none;} 
</style>
<script type="text/javascript">
<!--
function flip(e) {
  current = e.style.display;
  if (current == 'block') {
    e.style.display = 'none';
    return 0;
  }
  else {
    e.style.display = 'block';
    return 1;
  }
}

function toggleBox(szDivId, elem, msg1, msg2)
{
  var res = -1;  if (document.getElementById) {
    res = flip(document.getElementById(szDivId));
  }
  else if (document.all) {
    // this is the way old msie versions work
    res = flip(document.all[szDivId]);
  }
  if(elem) {
    if(res == 0) elem.innerHTML = msg1; else elem.innerHTML = msg2;
  }

}

function toggleAllBoxes() {
  if (document.getElementsByTagName) {
    d = document.getElementsByTagName('div');
    for (i = 0; i < d.length; i++) {
      if (d[i].className == 'log') {
        flip(d[i]);
      }
    }
  }
}

// -->
</script>

</head>
<body>
<h2 align='center'>P1 test</h2><table border='1' align="center">
<tr>
<td>Tests passed/Failed/Skipped:</td><td>9/1/0</td>
</tr><tr>
<td>Started on:</td><td>Mon Nov 23 12:59:13 EST 2015</td>
</tr>
<tr><td>Total time:</td><td>185 seconds (185969 ms)</td>
</tr><tr>
<td>Included groups:</td><td>p1 </td>
</tr><tr>
<td>Excluded groups:</td><td></td>
</tr>
</table><p/>
<small><i>(Hover the method name to see the test class name)</i></small><p/>
<table width='100%' border='1' class='invocation-failed'>
<tr><td colspan='4' align='center'><b>FAILED TESTS</b></td></tr>
<tr><td><b>Test method</b></td>
<td width="30%"><b>Exception</b></td>
<td width="10%"><b>Time (seconds)</b></td>
<td><b>Instance</b></td>
</tr>
<tr>
<td title='firsttestngpackage.SecondTestNGFile.findSearchBar()'><b>findSearchBar</b><br>Test class: firsttestngpackage.SecondTestNGFile<br>Parameters: toys, /ip/Lincoln-Logs-Prairie-Town-Mine-Building-Set/22716922, /ip/22716922</td>
<td><div><pre>org.openqa.selenium.TimeoutException: Timed out after 5 seconds waiting for visibility of element located by By.cssSelector: a[href=&apos;/ip/Lincoln-Logs-Prairie-Town-Mine-Building-Set/22716922&apos;]
Build info: version: &apos;2.48.2&apos;, revision: &apos;41bccdd&apos;, time: &apos;2015-10-09 19:55:52&apos;
System info: host: &apos;Sneha-MBP.cable.rcn.com&apos;, ip: &apos;192.168.1.123&apos;, os.name: &apos;Mac OS X&apos;, os.arch: &apos;x86_64&apos;, os.version: &apos;10.11.1&apos;, java.version: &apos;1.7.0_79&apos;
Session ID: 16c69d8051f2e88902c974a8c57fad56
Driver info: org.openqa.selenium.chrome.ChromeDriver
Capabilities [{platform=MAC, acceptSslCerts=true, javascriptEnabled=true, browserName=chrome, chrome={userDataDir=/var/folders/l3/jn2fbq9x1mq7d8gjhklbgfzc0000gp/T/.org.chromium.Chromium.QvDGfu}, rotatable=false, locationContextEnabled=true, mobileEmulationEnabled=false, version=46.0.2490.86, takesHeapSnapshot=true, cssSelectorsEnabled=true, databaseEnabled=false, handlesAlerts=true, browserConnectionEnabled=false, webStorageEnabled=true, nativeEvents=true, hasTouchScreen=false, applicationCacheEnabled=false, takesScreenshot=true}]
	at org.openqa.selenium.support.ui.WebDriverWait.timeoutException(WebDriverWait.java:80)
	at org.openqa.selenium.support.ui.FluentWait.until(FluentWait.java:261)
	at firsttestngpackage.SecondTestNGFile.findSearchBar(SecondTestNGFile.java:122)
	at java.util.concurrent.ThreadPoolExecutor.runWorker(ThreadPoolExecutor.java:1145)
	at java.util.concurrent.ThreadPoolExecutor$Worker.run(ThreadPoolExecutor.java:615)
	at java.lang.Thread.run(Thread.java:745)
Caused by: org.openqa.selenium.NoSuchElementException: no such element: Unable to locate element: {&quot;method&quot;:&quot;css selector&quot;,&quot;selector&quot;:&quot;a[href=&apos;/ip/Lincoln-Logs-Prairie-Town-Mine-Building-Set/22716922&apos;]&quot;}
  (Session info: chrome=46.0.2490.86)
  (Driver info: chromedriver=2.20.353124 (035346203162d32c80f1dce587c8154a1efa0c3b),platform=Mac OS X 10.11.1 x86_64) (WARNING: The server did not provide any stacktrace information)
Command duration or timeout: 15.61 seconds
For documentation on this error, please visit: http://seleniumhq.org/exceptions/no_such_element.html
Build info: version: &apos;2.48.2&apos;, revision: &apos;41bccdd&apos;, time: &apos;2015-10-09 19:55:52&apos;
System info: host: &apos;Sneha-MBP.cable.rcn.com&apos;, ip: &apos;192.168.1.123&apos;, os.name: &apos;Mac OS X&apos;, os.arch: &apos;x86_64&apos;, os.version: &apos;10.11.1&apos;, java.version: &apos;1.7.0_79&apos;
*** Element info: {Using=css selector, value=a[href=&apos;/ip/Lincoln-Logs-Prairie-Town-Mine-Building-Set/22716922&apos;]}
Session ID: 16c69d8051f2e88902c974a8c57fad56
Driver info: org.openqa.selenium.chrome.ChromeDriver
Capabilities [{platform=MAC, acceptSslCerts=true, javascriptEnabled=true, browserName=chrome, chrome={userDataDir=/var/folders/l3/jn2fbq9x1mq7d8gjhklbgfzc0000gp/T/.org.chromium.Chromium.QvDGfu}, rotatable=false, locationContextEnabled=true, mobileEmulationEnabled=false, version=46.0.2490.86, takesHeapSnapshot=true, cssSelectorsEnabled=true, databaseEnabled=false, handlesAlerts=true, browserConnectionEnabled=false, webStorageEnabled=true, nativeEvents=true, hasTouchScreen=false, applicationCacheEnabled=false, takesScreenshot=true}]
	at org.openqa.selenium.remote.ErrorHandler.createThrowable(ErrorHandler.java:206)
	at org.openqa.selenium.remote.ErrorHandler.throwIfResponseFailed(ErrorHandler.java:158)
	at org.openqa.selenium.remote.RemoteWebDriver.execute(RemoteWebDriver.java:647)
	at org.openqa.selenium.remote.RemoteWebDriver.findElement(RemoteWebDriver.java:353)
	at org.openqa.selenium.remote.RemoteWebDriver.findElementByCssSelector(RemoteWebDriver.java:482)
	at org.openqa.selenium.By$ByCssSelector.findElement(By.java:430)
	at org.openqa.selenium.remote.RemoteWebDriver.findElement(RemoteWebDriver.java:345)
	at org.openqa.selenium.support.ui.ExpectedConditions.findElement(ExpectedConditions.java:911)
	at org.openqa.selenium.support.ui.ExpectedConditions.access$0(ExpectedConditions.java:909)
	at org.openqa.selenium.support.ui.ExpectedConditions$7.apply(ExpectedConditions.java:205)
	at org.openqa.selenium.support.ui.ExpectedConditions$7.apply(ExpectedConditions.java:1)
	at org.openqa.selenium.support.ui.FluentWait.until(FluentWait.java:238)
	... 14 more
... Removed 14 stack frames</pre></div><a href='#' onClick='toggleBox("stack-trace1574259739", this, "Click to show all stack frames", "Click to hide stack frames")'>Click to show all stack frames</a>
<div class='stack-trace' id='stack-trace1574259739'><pre>org.openqa.selenium.TimeoutException: Timed out after 5 seconds waiting for visibility of element located by By.cssSelector: a[href=&apos;/ip/Lincoln-Logs-Prairie-Town-Mine-Building-Set/22716922&apos;]
Build info: version: &apos;2.48.2&apos;, revision: &apos;41bccdd&apos;, time: &apos;2015-10-09 19:55:52&apos;
System info: host: &apos;Sneha-MBP.cable.rcn.com&apos;, ip: &apos;192.168.1.123&apos;, os.name: &apos;Mac OS X&apos;, os.arch: &apos;x86_64&apos;, os.version: &apos;10.11.1&apos;, java.version: &apos;1.7.0_79&apos;
Session ID: 16c69d8051f2e88902c974a8c57fad56
Driver info: org.openqa.selenium.chrome.ChromeDriver
Capabilities [{platform=MAC, acceptSslCerts=true, javascriptEnabled=true, browserName=chrome, chrome={userDataDir=/var/folders/l3/jn2fbq9x1mq7d8gjhklbgfzc0000gp/T/.org.chromium.Chromium.QvDGfu}, rotatable=false, locationContextEnabled=true, mobileEmulationEnabled=false, version=46.0.2490.86, takesHeapSnapshot=true, cssSelectorsEnabled=true, databaseEnabled=false, handlesAlerts=true, browserConnectionEnabled=false, webStorageEnabled=true, nativeEvents=true, hasTouchScreen=false, applicationCacheEnabled=false, takesScreenshot=true}]
	at org.openqa.selenium.support.ui.WebDriverWait.timeoutException(WebDriverWait.java:80)
	at org.openqa.selenium.support.ui.FluentWait.until(FluentWait.java:261)
	at firsttestngpackage.SecondTestNGFile.findSearchBar(SecondTestNGFile.java:122)
	at sun.reflect.NativeMethodAccessorImpl.invoke0(Native Method)
	at sun.reflect.NativeMethodAccessorImpl.invoke(NativeMethodAccessorImpl.java:57)
	at sun.reflect.DelegatingMethodAccessorImpl.invoke(DelegatingMethodAccessorImpl.java:43)
	at java.lang.reflect.Method.invoke(Method.java:606)
	at org.testng.internal.MethodInvocationHelper.invokeMethod(MethodInvocationHelper.java:85)
	at org.testng.internal.Invoker.invokeMethod(Invoker.java:639)
	at org.testng.internal.Invoker.invokeTestMethod(Invoker.java:816)
	at org.testng.internal.Invoker.invokeTestMethods(Invoker.java:1124)
	at org.testng.internal.TestMethodWorker.invokeTestMethods(TestMethodWorker.java:125)
	at org.testng.internal.TestMethodWorker.run(TestMethodWorker.java:108)
	at java.util.concurrent.ThreadPoolExecutor.runWorker(ThreadPoolExecutor.java:1145)
	at java.util.concurrent.ThreadPoolExecutor$Worker.run(ThreadPoolExecutor.java:615)
	at java.lang.Thread.run(Thread.java:745)
Caused by: org.openqa.selenium.NoSuchElementException: no such element: Unable to locate element: {&quot;method&quot;:&quot;css selector&quot;,&quot;selector&quot;:&quot;a[href=&apos;/ip/Lincoln-Logs-Prairie-Town-Mine-Building-Set/22716922&apos;]&quot;}
  (Session info: chrome=46.0.2490.86)
  (Driver info: chromedriver=2.20.353124 (035346203162d32c80f1dce587c8154a1efa0c3b),platform=Mac OS X 10.11.1 x86_64) (WARNING: The server did not provide any stacktrace information)
Command duration or timeout: 15.61 seconds
For documentation on this error, please visit: http://seleniumhq.org/exceptions/no_such_element.html
Build info: version: &apos;2.48.2&apos;, revision: &apos;41bccdd&apos;, time: &apos;2015-10-09 19:55:52&apos;
System info: host: &apos;Sneha-MBP.cable.rcn.com&apos;, ip: &apos;192.168.1.123&apos;, os.name: &apos;Mac OS X&apos;, os.arch: &apos;x86_64&apos;, os.version: &apos;10.11.1&apos;, java.version: &apos;1.7.0_79&apos;
*** Element info: {Using=css selector, value=a[href=&apos;/ip/Lincoln-Logs-Prairie-Town-Mine-Building-Set/22716922&apos;]}
Session ID: 16c69d8051f2e88902c974a8c57fad56
Driver info: org.openqa.selenium.chrome.ChromeDriver
Capabilities [{platform=MAC, acceptSslCerts=true, javascriptEnabled=true, browserName=chrome, chrome={userDataDir=/var/folders/l3/jn2fbq9x1mq7d8gjhklbgfzc0000gp/T/.org.chromium.Chromium.QvDGfu}, rotatable=false, locationContextEnabled=true, mobileEmulationEnabled=false, version=46.0.2490.86, takesHeapSnapshot=true, cssSelectorsEnabled=true, databaseEnabled=false, handlesAlerts=true, browserConnectionEnabled=false, webStorageEnabled=true, nativeEvents=true, hasTouchScreen=false, applicationCacheEnabled=false, takesScreenshot=true}]
	at sun.reflect.NativeConstructorAccessorImpl.newInstance0(Native Method)
	at sun.reflect.NativeConstructorAccessorImpl.newInstance(NativeConstructorAccessorImpl.java:57)
	at sun.reflect.DelegatingConstructorAccessorImpl.newInstance(DelegatingConstructorAccessorImpl.java:45)
	at java.lang.reflect.Constructor.newInstance(Constructor.java:526)
	at org.openqa.selenium.remote.ErrorHandler.createThrowable(ErrorHandler.java:206)
	at org.openqa.selenium.remote.ErrorHandler.throwIfResponseFailed(ErrorHandler.java:158)
	at org.openqa.selenium.remote.RemoteWebDriver.execute(RemoteWebDriver.java:647)
	at org.openqa.selenium.remote.RemoteWebDriver.findElement(RemoteWebDriver.java:353)
	at org.openqa.selenium.remote.RemoteWebDriver.findElementByCssSelector(RemoteWebDriver.java:482)
	at org.openqa.selenium.By$ByCssSelector.findElement(By.java:430)
	at org.openqa.selenium.remote.RemoteWebDriver.findElement(RemoteWebDriver.java:345)
	at org.openqa.selenium.support.ui.ExpectedConditions.findElement(ExpectedConditions.java:911)
	at org.openqa.selenium.support.ui.ExpectedConditions.access$0(ExpectedConditions.java:909)
	at org.openqa.selenium.support.ui.ExpectedConditions$7.apply(ExpectedConditions.java:205)
	at org.openqa.selenium.support.ui.ExpectedConditions$7.apply(ExpectedConditions.java:1)
	at org.openqa.selenium.support.ui.FluentWait.until(FluentWait.java:238)
	... 14 more
</pre></div></td>
<td>21</td>
<td>firsttestngpackage.SecondTestNGFile@3b59be0d</td></tr>
</table><p>
<table width='100%' border='1' class='invocation-passed'>
<tr><td colspan='4' align='center'><b>PASSED TESTS</b></td></tr>
<tr><td><b>Test method</b></td>
<td width="30%"><b>Exception</b></td>
<td width="10%"><b>Time (seconds)</b></td>
<td><b>Instance</b></td>
</tr>
<tr>
<td title='firsttestngpackage.SecondTestNGFile.checkPageLoad()'><b>checkPageLoad</b><br>Test class: firsttestngpackage.SecondTestNGFile<br>Parameters: https://www.walmart.com/account, Walmart</td>
<td></td>
<td>9</td>
<td>firsttestngpackage.SecondTestNGFile@3b59be0d</td></tr>
<tr>
<td title='firsttestngpackage.SecondTestNGFile.filloutEmailFld()'><b>filloutEmailFld</b><br>Test class: firsttestngpackage.SecondTestNGFile</td>
<td></td>
<td>1</td>
<td>firsttestngpackage.SecondTestNGFile@3b59be0d</td></tr>
<tr>
<td title='firsttestngpackage.SecondTestNGFile.filloutPasswordFld()'><b>filloutPasswordFld</b><br>Test class: firsttestngpackage.SecondTestNGFile</td>
<td></td>
<td>0</td>
<td>firsttestngpackage.SecondTestNGFile@3b59be0d</td></tr>
<tr>
<td title='firsttestngpackage.SecondTestNGFile.findSearchBar()'><b>findSearchBar</b><br>Test class: firsttestngpackage.SecondTestNGFile<br>Parameters: tv, /ip/SCEPTRE-X322BV-HDR-32-LED-Class-720P-HDTV-with-ultra-slim-metal-brush-bezel-60Hz/25059351, /ip/25059351</td>
<td></td>
<td>50</td>
<td>firsttestngpackage.SecondTestNGFile@3b59be0d</td></tr>
<tr>
<td title='firsttestngpackage.SecondTestNGFile.findSearchBar()'><b>findSearchBar</b><br>Test class: firsttestngpackage.SecondTestNGFile<br>Parameters: socks, /ip/Fruit-of-the-Loom-Ladies-Low-Cut-Socks-6-pair-2-free-bonus-pack/37202066, /ip/37202072</td>
<td></td>
<td>38</td>
<td>firsttestngpackage.SecondTestNGFile@3b59be0d</td></tr>
<tr>
<td title='firsttestngpackage.SecondTestNGFile.findSearchBar()'><b>findSearchBar</b><br>Test class: firsttestngpackage.SecondTestNGFile<br>Parameters: iPhone, /ip/Refurbished-Straight-Talk-Apple-Prepaid-iPhone-5C-8GB-LTE-Smartphone-with-30-day-45-Service-Plan/45599395, /ip/39665237</td>
<td></td>
<td>32</td>
<td>firsttestngpackage.SecondTestNGFile@3b59be0d</td></tr>
<tr>
<td title='firsttestngpackage.SecondTestNGFile.findSearchBar()'><b>findSearchBar</b><br>Test class: firsttestngpackage.SecondTestNGFile<br>Parameters: dvd, /ip/Verbatim-95102-DVD-R-4.7GB-16X-100-Pack/8207324, /ip/8207324</td>
<td></td>
<td>12</td>
<td>firsttestngpackage.SecondTestNGFile@3b59be0d</td></tr>
<tr>
<td title='firsttestngpackage.SecondTestNGFile.findSubmitButton()'><b>findSubmitButton</b><br>Test class: firsttestngpackage.SecondTestNGFile</td>
<td></td>
<td>0</td>
<td>firsttestngpackage.SecondTestNGFile@3b59be0d</td></tr>
<tr>
<td title='firsttestngpackage.SecondTestNGFile.testCorrectLoginIn()'><b>testCorrectLoginIn</b><br>Test class: firsttestngpackage.SecondTestNGFile</td>
<td></td>
<td>16</td>
<td>firsttestngpackage.SecondTestNGFile@3b59be0d</td></tr>
</table><p>
</body>
</html>