<!DOCTYPE html PUBLIC "-//W3C//DTD XHTML 1.1//EN" "http://www.w3.org/TR/xhtml11/DTD/xhtml11.dtd">
<html xmlns="http://www.w3.org/1999/xhtml"><head><title>TestNG Report</title><style type="text/css">table {margin-bottom:10px;border-collapse:collapse;empty-cells:show}th,td {border:1px solid #009;padding:.25em .5em}th {vertical-align:bottom}td {vertical-align:top}table a {font-weight:bold}.stripe td {background-color: #E6EBF9}.num {text-align:right}.passedodd td {background-color: #3F3}.passedeven td {background-color: #0A0}.skippedodd td {background-color: #DDD}.skippedeven td {background-color: #CCC}.failedodd td,.attn {background-color: #F33}.failedeven td,.stripe .attn {background-color: #D00}.stacktrace {white-space:pre;font-family:monospace}.totop {font-size:85%;text-align:center;border-bottom:2px solid #000}</style></head><body><table><tr><th>Test</th><th># Passed</th><th># Skipped</th><th># Failed</th><th>Time (ms)</th><th>Included Groups</th><th>Excluded Groups</th></tr><tr><th colspan="7">Command line suite</th></tr><tr><td><a href="#t0">Command line test</a></td><td class="num">0</td><td class="num attn">5</td><td class="num attn">1</td><td class="num">7,355</td><td></td><td></td></tr></table><table><thead><tr><th>Class</th><th>Method</th><th>Start</th><th>Time (ms)</th></tr></thead><tbody><tr><th colspan="4">Command line suite</th></tr></tbody><tbody id="t0"><tr><th colspan="4">Command line test &#8212; failed (configuration methods)</th></tr><tr class="failedeven"><td rowspan="1">firsttestngpackage.SecondTestNGFile</td><td><a href="#m0">teardown</a></td><td rowspan="1">1448401893907</td><td rowspan="1">0</td></tr><tr><th colspan="4">Command line test &#8212; failed</th></tr><tr class="failedeven"><td rowspan="1">firsttestngpackage.SecondTestNGFile</td><td><a href="#m1">checkPageLoad</a></td><td rowspan="1">1448401889790</td><td rowspan="1">4108</td></tr><tr><th colspan="4">Command line test &#8212; skipped</th></tr><tr class="skippedeven"><td rowspan="5">firsttestngpackage.SecondTestNGFile</td><td><a href="#m2">filloutEmailFld</a></td><td rowspan="1">1448401893903</td><td rowspan="1">0</td></tr><tr class="skippedeven"><td><a href="#m3">filloutPasswordFld</a></td><td rowspan="1">1448401893904</td><td rowspan="1">0</td></tr><tr class="skippedeven"><td><a href="#m4">findSearchBar</a></td><td rowspan="1">1448401893906</td><td rowspan="1">0</td></tr><tr class="skippedeven"><td><a href="#m5">findSubmitButton</a></td><td rowspan="1">1448401893905</td><td rowspan="1">0</td></tr><tr class="skippedeven"><td><a href="#m6">testCorrectLoginIn</a></td><td rowspan="1">1448401893906</td><td rowspan="1">0</td></tr></tbody></table><h2>Command line test</h2><h3 id="m0">firsttestngpackage.SecondTestNGFile#teardown</h3><table class="result"><tr><th>Exception</th></tr><tr><td><div class="stacktrace">org.openqa.selenium.NoSuchWindowException: no such window: target window already closed
from unknown error: web view not found
  (Session info: chrome=46.0.2490.86)
  (Driver info: chromedriver=2.20.353124 (035346203162d32c80f1dce587c8154a1efa0c3b),platform=Mac OS X 10.11.1 x86_64) (WARNING: The server did not provide any stacktrace information)
Command duration or timeout: 24 milliseconds
Build info: version: &apos;2.48.2&apos;, revision: &apos;41bccdd&apos;, time: &apos;2015-10-09 19:55:52&apos;
System info: host: &apos;Sneha-MacBook-Pro.local&apos;, ip: &apos;10.102.61.252&apos;, os.name: &apos;Mac OS X&apos;, os.arch: &apos;x86_64&apos;, os.version: &apos;10.11.1&apos;, java.version: &apos;1.7.0_79&apos;
Session ID: d7bd4bf0df37ed1ce2e1a1d3c48f80d8
Driver info: org.openqa.selenium.chrome.ChromeDriver
Capabilities [{platform=MAC, acceptSslCerts=true, javascriptEnabled=true, browserName=chrome, chrome={userDataDir=/var/folders/l3/jn2fbq9x1mq7d8gjhklbgfzc0000gp/T/.org.chromium.Chromium.aPNuOW}, rotatable=false, locationContextEnabled=true, mobileEmulationEnabled=false, version=46.0.2490.86, takesHeapSnapshot=true, cssSelectorsEnabled=true, databaseEnabled=false, handlesAlerts=true, browserConnectionEnabled=false, webStorageEnabled=true, nativeEvents=true, hasTouchScreen=false, applicationCacheEnabled=false, takesScreenshot=true}]
	at org.openqa.selenium.remote.ErrorHandler.createThrowable(ErrorHandler.java:206)
	at org.openqa.selenium.remote.ErrorHandler.throwIfResponseFailed(ErrorHandler.java:158)
	at org.openqa.selenium.remote.RemoteWebDriver.execute(RemoteWebDriver.java:647)
	at org.openqa.selenium.remote.RemoteWebDriver.execute(RemoteWebDriver.java:670)
	at org.openqa.selenium.remote.RemoteWebDriver.close(RemoteWebDriver.java:511)
	at firsttestngpackage.SecondTestNGFile.teardown(SecondTestNGFile.java:43)
	at firsttestngpackage.automateTestngClass.main(automateTestngClass.java:14)
... Removed 25 stack frames</div></td></tr></table><p class="totop"><a href="#summary">back to summary</a></p><h3 id="m1">firsttestngpackage.SecondTestNGFile#checkPageLoad</h3><table class="result"><tr class="param"><th>Parameter #1</th><th>Parameter #2</th></tr><tr class="param stripe"><td>https://www.walmart.com/account</td><td>Walmart</td></tr><tr><th colspan="2">Exception</th></tr><tr><td colspan="2"><div class="stacktrace">org.openqa.selenium.NoSuchWindowException: no such window: target window already closed
from unknown error: web view not found
  (Session info: chrome=46.0.2490.86)
  (Driver info: chromedriver=2.20.353124 (035346203162d32c80f1dce587c8154a1efa0c3b),platform=Mac OS X 10.11.1 x86_64) (WARNING: The server did not provide any stacktrace information)
Command duration or timeout: 6 milliseconds
Build info: version: &apos;2.48.2&apos;, revision: &apos;41bccdd&apos;, time: &apos;2015-10-09 19:55:52&apos;
System info: host: &apos;Sneha-MacBook-Pro.local&apos;, ip: &apos;10.102.61.252&apos;, os.name: &apos;Mac OS X&apos;, os.arch: &apos;x86_64&apos;, os.version: &apos;10.11.1&apos;, java.version: &apos;1.7.0_79&apos;
Session ID: d7bd4bf0df37ed1ce2e1a1d3c48f80d8
Driver info: org.openqa.selenium.chrome.ChromeDriver
Capabilities [{platform=MAC, acceptSslCerts=true, javascriptEnabled=true, browserName=chrome, chrome={userDataDir=/var/folders/l3/jn2fbq9x1mq7d8gjhklbgfzc0000gp/T/.org.chromium.Chromium.aPNuOW}, rotatable=false, locationContextEnabled=true, mobileEmulationEnabled=false, version=46.0.2490.86, takesHeapSnapshot=true, cssSelectorsEnabled=true, databaseEnabled=false, handlesAlerts=true, browserConnectionEnabled=false, webStorageEnabled=true, nativeEvents=true, hasTouchScreen=false, applicationCacheEnabled=false, takesScreenshot=true}]
	at org.openqa.selenium.remote.ErrorHandler.createThrowable(ErrorHandler.java:206)
	at org.openqa.selenium.remote.ErrorHandler.throwIfResponseFailed(ErrorHandler.java:158)
	at org.openqa.selenium.remote.RemoteWebDriver.execute(RemoteWebDriver.java:647)
	at org.openqa.selenium.remote.RemoteWebDriver.execute(RemoteWebDriver.java:670)
	at org.openqa.selenium.remote.RemoteWebDriver.getTitle(RemoteWebDriver.java:315)
	at firsttestngpackage.SecondTestNGFile.checkPageLoad(SecondTestNGFile.java:51)
	at firsttestngpackage.automateTestngClass.main(automateTestngClass.java:14)
... Removed 25 stack frames</div></td></tr></table><p class="totop"><a href="#summary">back to summary</a></p><h3 id="m2">firsttestngpackage.SecondTestNGFile#filloutEmailFld</h3><table class="result"><tr><th>Exception</th></tr><tr><td><div class="stacktrace">java.lang.Throwable: Method SecondTestNGFile.filloutEmailFld()[pri:0, instance:firsttestngpackage.SecondTestNGFile@26b056fd] depends on not successfully finished methods
	at firsttestngpackage.automateTestngClass.main(automateTestngClass.java:14)
... Removed 14 stack frames</div></td></tr></table><p class="totop"><a href="#summary">back to summary</a></p><h3 id="m3">firsttestngpackage.SecondTestNGFile#filloutPasswordFld</h3><table class="result"><tr><th>Exception</th></tr><tr><td><div class="stacktrace">java.lang.Throwable: Method SecondTestNGFile.filloutPasswordFld()[pri:1, instance:firsttestngpackage.SecondTestNGFile@26b056fd] depends on not successfully finished methods
	at firsttestngpackage.automateTestngClass.main(automateTestngClass.java:14)
... Removed 14 stack frames</div></td></tr></table><p class="totop"><a href="#summary">back to summary</a></p><h3 id="m4">firsttestngpackage.SecondTestNGFile#findSearchBar</h3><table class="result"><tr><th>Exception</th></tr><tr><td><div class="stacktrace">java.lang.Throwable: Method SecondTestNGFile.findSearchBar(java.lang.String, java.lang.String, java.lang.String)[pri:10, instance:firsttestngpackage.SecondTestNGFile@26b056fd] depends on not successfully finished methods
	at firsttestngpackage.automateTestngClass.main(automateTestngClass.java:14)
... Removed 14 stack frames</div></td></tr></table><p class="totop"><a href="#summary">back to summary</a></p><h3 id="m5">firsttestngpackage.SecondTestNGFile#findSubmitButton</h3><table class="result"><tr><th>Exception</th></tr><tr><td><div class="stacktrace">java.lang.Throwable: Method SecondTestNGFile.findSubmitButton()[pri:2, instance:firsttestngpackage.SecondTestNGFile@26b056fd] depends on not successfully finished methods
	at firsttestngpackage.automateTestngClass.main(automateTestngClass.java:14)
... Removed 14 stack frames</div></td></tr></table><p class="totop"><a href="#summary">back to summary</a></p><h3 id="m6">firsttestngpackage.SecondTestNGFile#testCorrectLoginIn</h3><table class="result"><tr><th>Exception</th></tr><tr><td><div class="stacktrace">java.lang.Throwable: Method SecondTestNGFile.testCorrectLoginIn()[pri:0, instance:firsttestngpackage.SecondTestNGFile@26b056fd] depends on not successfully finished methods
	at firsttestngpackage.automateTestngClass.main(automateTestngClass.java:14)
... Removed 14 stack frames</div></td></tr></table><p class="totop"><a href="#summary">back to summary</a></p></body></html>